<?xml version="1.0" encoding="UTF-8"?>
<testsuite name="test.pivotal.pal.tracker.users.data.UserDataGatewayTest" tests="3" skipped="0" failures="0" errors="0" timestamp="2018-02-26T13:11:34" hostname="MACLT026749.local" time="0.445">
  <properties/>
  <testcase name="testFind" classname="test.pivotal.pal.tracker.users.data.UserDataGatewayTest" time="0.35"/>
  <testcase name="testFind_WhenNotFound" classname="test.pivotal.pal.tracker.users.data.UserDataGatewayTest" time="0.028"/>
  <testcase name="testCreate" classname="test.pivotal.pal.tracker.users.data.UserDataGatewayTest" time="0.065"/>
  <system-out><![CDATA[]]></system-out>
  <system-err><![CDATA[]]></system-err>
</testsuite>
