<?xml version="1.0" encoding="UTF-8"?>
<testsuite name="test.pivotal.pal.tracker.accounts.data.AccountDataGatewayTest" tests="2" skipped="0" failures="0" errors="0" timestamp="2018-02-16T06:53:50" hostname="MACLT026749.local" time="0.525">
  <properties/>
  <testcase name="testCreate" classname="test.pivotal.pal.tracker.accounts.data.AccountDataGatewayTest" time="0.477"/>
  <testcase name="testFindBy" classname="test.pivotal.pal.tracker.accounts.data.AccountDataGatewayTest" time="0.047"/>
  <system-out><![CDATA[]]></system-out>
  <system-err><![CDATA[]]></system-err>
</testsuite>
