<?xml version="1.0" encoding="UTF-8"?>
<testsuite name="test.pivotal.pal.tracker.accounts.RegistrationServiceTest" tests="1" skipped="0" failures="0" errors="0" timestamp="2018-02-26T05:50:04" hostname="MACLT026749.local" time="0.001">
  <properties/>
  <testcase name="testCreateUserWithAccount" classname="test.pivotal.pal.tracker.accounts.RegistrationServiceTest" time="0.001"/>
  <system-out><![CDATA[]]></system-out>
  <system-err><![CDATA[]]></system-err>
</testsuite>
