<?xml version="1.0" encoding="UTF-8"?>
<testsuite name="test.pivotal.pal.tracker.accounts.data.AccountDataGatewayTest" tests="2" skipped="0" failures="0" errors="0" timestamp="2018-02-26T13:11:18" hostname="MACLT026749.local" time="0.404">
  <properties/>
  <testcase name="testCreate" classname="test.pivotal.pal.tracker.accounts.data.AccountDataGatewayTest" time="0.355"/>
  <testcase name="testFindBy" classname="test.pivotal.pal.tracker.accounts.data.AccountDataGatewayTest" time="0.048"/>
  <system-out><![CDATA[]]></system-out>
  <system-err><![CDATA[]]></system-err>
</testsuite>
