<?xml version="1.0" encoding="UTF-8"?>
<testsuite name="test.pivotal.pal.tracker.accounts.AccountControllerTest" tests="1" skipped="0" failures="0" errors="0" timestamp="2018-02-26T05:50:03" hostname="MACLT026749.local" time="0.215">
  <properties/>
  <testcase name="testList" classname="test.pivotal.pal.tracker.accounts.AccountControllerTest" time="0.215"/>
  <system-out><![CDATA[]]></system-out>
  <system-err><![CDATA[]]></system-err>
</testsuite>
