<?xml version="1.0" encoding="UTF-8"?>
<testsuite name="test.pivotal.pal.tracker.accounts.data.AccountDataGatewayTest" tests="2" skipped="0" failures="0" errors="0" timestamp="2018-02-26T05:50:03" hostname="MACLT026749.local" time="0.568">
  <properties/>
  <testcase name="testCreate" classname="test.pivotal.pal.tracker.accounts.data.AccountDataGatewayTest" time="0.497"/>
  <testcase name="testFindBy" classname="test.pivotal.pal.tracker.accounts.data.AccountDataGatewayTest" time="0.07"/>
  <system-out><![CDATA[]]></system-out>
  <system-err><![CDATA[]]></system-err>
</testsuite>
