<?xml version="1.0" encoding="UTF-8"?>
<testsuite name="test.pivotal.pal.tracker.projects.ProjectDataGatewayTest" tests="3" skipped="0" failures="0" errors="0" timestamp="2018-02-26T05:50:16" hostname="MACLT026749.local" time="0.446">
  <properties/>
  <testcase name="testFind" classname="test.pivotal.pal.tracker.projects.ProjectDataGatewayTest" time="0.329"/>
  <testcase name="testFindAllByAccountId" classname="test.pivotal.pal.tracker.projects.ProjectDataGatewayTest" time="0.055"/>
  <testcase name="testCreate" classname="test.pivotal.pal.tracker.projects.ProjectDataGatewayTest" time="0.061"/>
  <system-out><![CDATA[]]></system-out>
  <system-err><![CDATA[]]></system-err>
</testsuite>
