<?xml version="1.0" encoding="UTF-8"?>
<testsuite name="test.pivotal.pal.tracker.timesheets.TimeEntryDataGatewayTest" tests="2" skipped="0" failures="0" errors="0" timestamp="2018-02-16T06:54:14" hostname="MACLT026749.local" time="0.318">
  <properties/>
  <testcase name="testFindAllByUserId" classname="test.pivotal.pal.tracker.timesheets.TimeEntryDataGatewayTest" time="0.271"/>
  <testcase name="testCreate" classname="test.pivotal.pal.tracker.timesheets.TimeEntryDataGatewayTest" time="0.046"/>
  <system-out><![CDATA[]]></system-out>
  <system-err><![CDATA[]]></system-err>
</testsuite>
