<?xml version="1.0" encoding="UTF-8"?>
<testsuite name="test.pivotal.pal.tracker.timesheets.TimeEntryControllerTest" tests="3" skipped="0" failures="0" errors="0" timestamp="2018-02-26T13:11:32" hostname="MACLT026749.local" time="0.137">
  <properties/>
  <testcase name="testList" classname="test.pivotal.pal.tracker.timesheets.TimeEntryControllerTest" time="0.114"/>
  <testcase name="testCreate_WhenFailed" classname="test.pivotal.pal.tracker.timesheets.TimeEntryControllerTest" time="0.02"/>
  <testcase name="testCreate" classname="test.pivotal.pal.tracker.timesheets.TimeEntryControllerTest" time="0.002"/>
  <system-out><![CDATA[]]></system-out>
  <system-err><![CDATA[]]></system-err>
</testsuite>
