<?xml version="1.0" encoding="UTF-8"?>
<testsuite name="test.pivotal.pal.tracker.allocations.AllocationControllerTest" tests="3" skipped="0" failures="0" errors="0" timestamp="2018-02-26T05:50:06" hostname="MACLT026749.local" time="0.134">
  <properties/>
  <testcase name="testList" classname="test.pivotal.pal.tracker.allocations.AllocationControllerTest" time="0.11"/>
  <testcase name="testCreate" classname="test.pivotal.pal.tracker.allocations.AllocationControllerTest" time="0.021"/>
  <testcase name="testCreate_WhenProjectIsNotActive" classname="test.pivotal.pal.tracker.allocations.AllocationControllerTest" time="0.001"/>
  <system-out><![CDATA[]]></system-out>
  <system-err><![CDATA[]]></system-err>
</testsuite>
