<?xml version="1.0" encoding="UTF-8"?>
<testsuite name="test.pivotal.pal.tracker.allocations.AllocationDataGatewayTest" tests="2" skipped="0" failures="0" errors="0" timestamp="2018-02-26T13:11:20" hostname="MACLT026749.local" time="0.36">
  <properties/>
  <testcase name="testCreate" classname="test.pivotal.pal.tracker.allocations.AllocationDataGatewayTest" time="0.328"/>
  <testcase name="testFindAllByProjectId" classname="test.pivotal.pal.tracker.allocations.AllocationDataGatewayTest" time="0.031"/>
  <system-out><![CDATA[]]></system-out>
  <system-err><![CDATA[]]></system-err>
</testsuite>
