<?xml version="1.0" encoding="UTF-8"?>
<testsuite name="test.pivotal.pal.tracker.backlog.StoryControllerTest" tests="3" skipped="0" failures="0" errors="0" timestamp="2018-02-16T06:54:00" hostname="MACLT026749.local" time="0.029">
  <properties/>
  <testcase name="testFailedCreate" classname="test.pivotal.pal.tracker.backlog.StoryControllerTest" time="0.018"/>
  <testcase name="testList" classname="test.pivotal.pal.tracker.backlog.StoryControllerTest" time="0.01"/>
  <testcase name="testCreate" classname="test.pivotal.pal.tracker.backlog.StoryControllerTest" time="0.001"/>
  <system-out><![CDATA[]]></system-out>
  <system-err><![CDATA[]]></system-err>
</testsuite>
